[0609/220659.666:ERROR:process_reader_win.cc(151)] SuspendThread: Acceso denegado. (0x5)
[0609/220659.666:ERROR:process_reader_win.cc(151)] SuspendThread: Acceso denegado. (0x5)
[0609/220659.666:ERROR:process_reader_win.cc(151)] SuspendThread: Acceso denegado. (0x5)
[0609/220659.666:ERROR:process_reader_win.cc(151)] SuspendThread: Acceso denegado. (0x5)
[0609/220659.666:ERROR:process_reader_win.cc(151)] SuspendThread: Acceso denegado. (0x5)
[0609/220659.666:ERROR:process_reader_win.cc(151)] SuspendThread: Acceso denegado. (0x5)
[0609/220659.666:ERROR:process_reader_win.cc(151)] SuspendThread: Acceso denegado. (0x5)
[0609/220701.218:ERROR:process_reader_win.cc(151)] SuspendThread: Acceso denegado. (0x5)
[0609/220701.218:ERROR:process_reader_win.cc(151)] SuspendThread: Acceso denegado. (0x5)
[0609/220659.666:ERROR:process_reader_win.cc(151)] SuspendThread: Acceso denegado. (0x5)
[0609/220659.666:ERROR:process_reader_win.cc(151)] SuspendThread: Acceso denegado. (0x5)
[0609/220701.218:ERROR:process_reader_win.cc(151)] SuspendThread: Acceso denegado. (0x5)
[0609/220701.218:ERROR:process_reader_win.cc(151)] SuspendThread: Acceso denegado. (0x5)
[0609/220701.218:ERROR:process_reader_win.cc(123)] NtOpenThread: Se ha especificado un identificador de cliente no válido. (0xc000000b)
[0609/220701.218:ERROR:process_reader_win.cc(151)] SuspendThread: Acceso denegado. (0x5)
[0609/220701.218:ERROR:process_reader_win.cc(151)] SuspendThread: Acceso denegado. (0x5)
[0609/220701.218:ERROR:process_reader_win.cc(151)] SuspendThread: Acceso denegado. (0x5)
[0609/220701.218:ERROR:process_reader_win.cc(151)] SuspendThread: Acceso denegado. (0x5)
[0609/220701.218:ERROR:process_reader_win.cc(151)] SuspendThread: Acceso denegado. (0x5)
[0609/220701.218:ERROR:process_reader_win.cc(151)] SuspendThread: Acceso denegado. (0x5)
[0609/220701.218:ERROR:process_reader_win.cc(151)] SuspendThread: Acceso denegado. (0x5)
[0609/220701.218:ERROR:process_reader_win.cc(151)] SuspendThread: Acceso denegado. (0x5)
[0609/220701.218:ERROR:process_reader_win.cc(123)] NtOpenThread: Se ha especificado un identificador de cliente no válido. (0xc000000b)
[0609/220701.218:ERROR:process_reader_win.cc(151)] SuspendThread: Acceso denegado. (0x5)
[0609/220701.218:ERROR:process_reader_win.cc(123)] NtOpenThread: Se ha especificado un identificador de cliente no válido. (0xc000000b)
[0609/220701.218:ERROR:process_reader_win.cc(151)] SuspendThread: Acceso denegado. (0x5)
[0609/220701.218:ERROR:process_reader_win.cc(151)] SuspendThread: Acceso denegado. (0x5)
[0609/220701.218:ERROR:process_reader_win.cc(151)] SuspendThread: Acceso denegado. (0x5)
[0609/220701.218:ERROR:process_reader_win.cc(151)] SuspendThread: Acceso denegado. (0x5)
[0609/220701.218:ERROR:process_reader_win.cc(151)] SuspendThread: Acceso denegado. (0x5)
[0609/220701.218:ERROR:exception_snapshot_win.cc(98)] thread ID 628 not found in process
[0609/220659.666:ERROR:process_reader_win.cc(123)] NtOpenThread: {Acceso denegado} Un proceso ha solicitado acceso a un objeto, pero no se le han concedido esos derechos de acceso. (0xc0000022)
[0609/220701.218:ERROR:process_reader_win.cc(123)] NtOpenThread: Se ha especificado un identificador de cliente no válido. (0xc000000b)
[0609/220701.218:ERROR:process_reader_win.cc(151)] SuspendThread: Acceso denegado. (0x5)
[0609/220701.218:ERROR:process_reader_win.cc(123)] NtOpenThread: Se ha especificado un identificador de cliente no válido. (0xc000000b)
[0609/220701.218:ERROR:process_reader_win.cc(123)] NtOpenThread: Se ha especificado un identificador de cliente no válido. (0xc000000b)
[0609/220701.218:ERROR:process_reader_win.cc(151)] SuspendThread: Acceso denegado. (0x5)
[0609/220701.218:ERROR:process_reader_win.cc(123)] NtOpenThread: Se ha especificado un identificador de cliente no válido. (0xc000000b)
[0609/220701.218:ERROR:process_reader_win.cc(123)] NtOpenThread: Se ha especificado un identificador de cliente no válido. (0xc000000b)
[0609/220701.218:ERROR:process_reader_win.cc(151)] SuspendThread: Acceso denegado. (0x5)
[0609/220701.218:ERROR:process_reader_win.cc(123)] NtOpenThread: Se ha especificado un identificador de cliente no válido. (0xc000000b)
[0609/220701.218:ERROR:process_reader_win.cc(151)] SuspendThread: Acceso denegado. (0x5)
[0609/220701.218:ERROR:process_reader_win.cc(123)] NtOpenThread: Se ha especificado un identificador de cliente no válido. (0xc000000b)
[0609/220701.218:ERROR:process_reader_win.cc(123)] NtOpenThread: Se ha especificado un identificador de cliente no válido. (0xc000000b)
[0609/220701.218:ERROR:process_reader_win.cc(123)] NtOpenThread: Se ha especificado un identificador de cliente no válido. (0xc000000b)
[0609/220701.218:ERROR:process_reader_win.cc(151)] SuspendThread: Acceso denegado. (0x5)
[0609/220701.218:ERROR:process_reader_win.cc(151)] SuspendThread: Acceso denegado. (0x5)
[0609/220701.218:ERROR:exception_snapshot_win.cc(98)] thread ID 488 not found in process
[0609/220701.218:ERROR:process_reader_win.cc(123)] NtOpenThread: Se ha especificado un identificador de cliente no válido. (0xc000000b)
[0609/220701.218:ERROR:process_reader_win.cc(151)] SuspendThread: Acceso denegado. (0x5)
[0609/220701.218:ERROR:process_reader_win.cc(151)] SuspendThread: Acceso denegado. (0x5)
[0609/220659.666:ERROR:process_reader_win.cc(151)] SuspendThread: Acceso denegado. (0x5)
[0609/220701.218:ERROR:process_reader_win.cc(151)] SuspendThread: Acceso denegado. (0x5)
[0609/220701.218:ERROR:process_reader_win.cc(151)] SuspendThread: Acceso denegado. (0x5)
[0609/220701.219:ERROR:process_reader_win.cc(151)] SuspendThread: Acceso denegado. (0x5)
[0609/220701.219:ERROR:process_reader_win.cc(151)] SuspendThread: Acceso denegado. (0x5)
[0609/220701.219:ERROR:process_reader_win.cc(151)] SuspendThread: Acceso denegado. (0x5)
[0609/220701.219:ERROR:process_reader_win.cc(151)] SuspendThread: Acceso denegado. (0x5)
[0609/220701.219:ERROR:process_reader_win.cc(151)] SuspendThread: Acceso denegado. (0x5)
[0609/220701.219:ERROR:process_reader_win.cc(151)] SuspendThread: Acceso denegado. (0x5)
[0609/220701.219:ERROR:process_reader_win.cc(151)] SuspendThread: Acceso denegado. (0x5)
[0609/220701.219:ERROR:process_reader_win.cc(151)] SuspendThread: Acceso denegado. (0x5)
[0609/220701.219:ERROR:process_reader_win.cc(151)] SuspendThread: Acceso denegado. (0x5)
[0609/220701.219:ERROR:process_reader_win.cc(151)] SuspendThread: Acceso denegado. (0x5)
[0609/220701.219:ERROR:process_reader_win.cc(151)] SuspendThread: Acceso denegado. (0x5)
[0609/220701.219:ERROR:process_reader_win.cc(151)] SuspendThread: Acceso denegado. (0x5)
[0609/220701.219:ERROR:process_reader_win.cc(151)] SuspendThread: Acceso denegado. (0x5)
[0609/220701.219:ERROR:process_reader_win.cc(151)] SuspendThread: Acceso denegado. (0x5)
[0609/220701.219:ERROR:process_reader_win.cc(151)] SuspendThread: Acceso denegado. (0x5)
[0609/220701.219:ERROR:process_reader_win.cc(151)] SuspendThread: Acceso denegado. (0x5)
[0609/220701.219:ERROR:process_reader_win.cc(151)] SuspendThread: Acceso denegado. (0x5)
[0609/220701.219:ERROR:process_reader_win.cc(151)] SuspendThread: Acceso denegado. (0x5)
[0609/220701.219:ERROR:process_reader_win.cc(123)] NtOpenThread: Se ha especificado un identificador de cliente no válido. (0xc000000b)
[0609/220701.218:ERROR:process_reader_win.cc(123)] NtOpenThread: Se ha especificado un identificador de cliente no válido. (0xc000000b)
[0609/220701.219:ERROR:exception_snapshot_win.cc(98)] thread ID 8076 not found in process
[0609/220701.219:ERROR:exception_snapshot_win.cc(98)] thread ID 6456 not found in process
[0609/220701.219:ERROR:process_reader_win.cc(123)] NtOpenThread: Se ha especificado un identificador de cliente no válido. (0xc000000b)
[0609/220701.219:ERROR:process_reader_win.cc(151)] SuspendThread: Acceso denegado. (0x5)
[0609/220701.219:ERROR:process_reader_win.cc(123)] NtOpenThread: Se ha especificado un identificador de cliente no válido. (0xc000000b)
[0609/220701.219:ERROR:exception_snapshot_win.cc(98)] thread ID 9048 not found in process
[0609/220701.219:ERROR:process_reader_win.cc(151)] SuspendThread: Acceso denegado. (0x5)
[0609/220701.218:ERROR:process_reader_win.cc(123)] NtOpenThread: Se ha especificado un identificador de cliente no válido. (0xc000000b)
[0609/220701.219:ERROR:process_reader_win.cc(123)] NtOpenThread: Se ha especificado un identificador de cliente no válido. (0xc000000b)
[0609/220701.219:ERROR:process_reader_win.cc(123)] NtOpenThread: Se ha especificado un identificador de cliente no válido. (0xc000000b)
[0609/220701.219:ERROR:process_reader_win.cc(123)] NtOpenThread: Se ha especificado un identificador de cliente no válido. (0xc000000b)
[0609/220701.219:ERROR:process_reader_win.cc(123)] NtOpenThread: Se ha especificado un identificador de cliente no válido. (0xc000000b)
[0609/220701.219:ERROR:process_reader_win.cc(123)] NtOpenThread: Se ha especificado un identificador de cliente no válido. (0xc000000b)
[0609/220701.219:ERROR:process_reader_win.cc(123)] NtOpenThread: {Acceso denegado} Un proceso ha solicitado acceso a un objeto, pero no se le han concedido esos derechos de acceso. (0xc0000022)
[0609/220701.219:ERROR:process_reader_win.cc(123)] NtOpenThread: Se ha especificado un identificador de cliente no válido. (0xc000000b)
[0609/220701.219:ERROR:exception_snapshot_win.cc(98)] thread ID 4732 not found in process
[0609/220701.219:ERROR:process_reader_win.cc(123)] NtOpenThread: Se ha especificado un identificador de cliente no válido. (0xc000000b)
[0609/220701.219:ERROR:process_reader_win.cc(123)] NtOpenThread: Se ha especificado un identificador de cliente no válido. (0xc000000b)
[0609/220701.219:ERROR:process_reader_win.cc(151)] SuspendThread: Acceso denegado. (0x5)
[0609/220701.219:ERROR:scoped_process_suspend.cc(40)] NtResumeProcess: Se intentó obtener acceso a un proceso que está cerrándose. (0xc000010a)
[0609/220701.219:ERROR:process_reader_win.cc(123)] NtOpenThread: Se ha especificado un identificador de cliente no válido. (0xc000000b)
[0609/220701.219:ERROR:process_reader_win.cc(123)] NtOpenThread: Se ha especificado un identificador de cliente no válido. (0xc000000b)
[0609/220701.220:ERROR:process_reader_win.cc(123)] NtOpenThread: Se ha especificado un identificador de cliente no válido. (0xc000000b)
[0609/220701.220:ERROR:process_reader_win.cc(123)] NtOpenThread: Se ha especificado un identificador de cliente no válido. (0xc000000b)
[0609/220701.220:ERROR:process_reader_win.cc(123)] NtOpenThread: Se ha especificado un identificador de cliente no válido. (0xc000000b)
[0609/220701.220:ERROR:process_reader_win.cc(123)] NtOpenThread: Se ha especificado un identificador de cliente no válido. (0xc000000b)
[0609/220701.220:ERROR:process_reader_win.cc(123)] NtOpenThread: Se ha especificado un identificador de cliente no válido. (0xc000000b)
[0609/220701.220:ERROR:process_reader_win.cc(123)] NtOpenThread: {Acceso denegado} Un proceso ha solicitado acceso a un objeto, pero no se le han concedido esos derechos de acceso. (0xc0000022)
[0609/220701.220:ERROR:process_reader_win.cc(123)] NtOpenThread: Se ha especificado un identificador de cliente no válido. (0xc000000b)
[0609/220701.220:ERROR:exception_snapshot_win.cc(98)] thread ID 6344 not found in process
[0609/220701.219:ERROR:process_reader_win.cc(151)] SuspendThread: Acceso denegado. (0x5)
[0609/220701.220:ERROR:scoped_process_suspend.cc(40)] NtResumeProcess: Se intentó obtener acceso a un proceso que está cerrándose. (0xc000010a)
[0609/220701.220:ERROR:process_reader_win.cc(123)] NtOpenThread: Se ha especificado un identificador de cliente no válido. (0xc000000b)
[0609/220700.638:ERROR:process_reader_win.cc(151)] SuspendThread: Acceso denegado. (0x5)
[0609/220701.220:ERROR:process_reader_win.cc(151)] SuspendThread: Acceso denegado. (0x5)
[0609/220701.219:ERROR:process_reader_win.cc(123)] NtOpenThread: Se ha especificado un identificador de cliente no válido. (0xc000000b)
[0609/220701.220:ERROR:exception_snapshot_win.cc(98)] thread ID 8132 not found in process
[0609/220701.220:ERROR:exception_snapshot_win.cc(98)] thread ID 7476 not found in process
[0609/220701.220:ERROR:exception_snapshot_win.cc(98)] thread ID 6008 not found in process
[0609/220701.220:ERROR:process_reader_win.cc(151)] SuspendThread: Acceso denegado. (0x5)
[0609/220701.220:ERROR:exception_snapshot_win.cc(98)] thread ID 8904 not found in process
[0609/220701.220:ERROR:process_reader_win.cc(151)] SuspendThread: Acceso denegado. (0x5)
[0609/220701.220:ERROR:scoped_process_suspend.cc(40)] NtResumeProcess: Se intentó obtener acceso a un proceso que está cerrándose. (0xc000010a)
[0609/220701.220:ERROR:process_reader_win.cc(151)] SuspendThread: Acceso denegado. (0x5)
[0609/220701.220:ERROR:scoped_process_suspend.cc(40)] NtResumeProcess: Se intentó obtener acceso a un proceso que está cerrándose. (0xc000010a)
[0609/220701.221:ERROR:process_reader_win.cc(151)] SuspendThread: Acceso denegado. (0x5)
[0609/220659.666:ERROR:process_reader_win.cc(151)] SuspendThread: Acceso denegado. (0x5)
[0609/220701.221:ERROR:process_reader_win.cc(151)] SuspendThread: Acceso denegado. (0x5)
[0609/220659.666:ERROR:process_reader_win.cc(151)] SuspendThread: Acceso denegado. (0x5)
[0609/220701.221:ERROR:process_reader_win.cc(151)] SuspendThread: Acceso denegado. (0x5)
[0609/220701.221:ERROR:process_reader_win.cc(151)] SuspendThread: Acceso denegado. (0x5)
[0609/220701.221:ERROR:process_reader_win.cc(151)] SuspendThread: Acceso denegado. (0x5)
[0609/220701.221:ERROR:process_reader_win.cc(151)] SuspendThread: Acceso denegado. (0x5)
[0609/220701.221:ERROR:process_reader_win.cc(151)] SuspendThread: Acceso denegado. (0x5)
[0609/220701.221:ERROR:process_reader_win.cc(151)] SuspendThread: Acceso denegado. (0x5)
[0609/220701.221:ERROR:process_reader_win.cc(151)] SuspendThread: Acceso denegado. (0x5)
[0609/220701.221:ERROR:exception_snapshot_win.cc(98)] thread ID 8396 not found in process
[0609/220701.221:ERROR:process_reader_win.cc(151)] SuspendThread: Acceso denegado. (0x5)
[0609/220701.221:ERROR:process_reader_win.cc(151)] SuspendThread: Acceso denegado. (0x5)
[0609/220701.221:ERROR:process_reader_win.cc(151)] SuspendThread: Acceso denegado. (0x5)
[0609/220700.146:ERROR:process_reader_win.cc(151)] SuspendThread: Acceso denegado. (0x5)
[0609/220700.161:ERROR:process_reader_win.cc(151)] SuspendThread: Acceso denegado. (0x5)
[0609/220701.221:ERROR:process_reader_win.cc(123)] NtOpenThread: Se ha especificado un identificador de cliente no válido. (0xc000000b)
[0609/220701.221:ERROR:process_reader_win.cc(151)] SuspendThread: Acceso denegado. (0x5)
[0609/220659.666:ERROR:process_reader_win.cc(151)] SuspendThread: Acceso denegado. (0x5)
[0609/220701.221:ERROR:process_reader_win.cc(151)] SuspendThread: Acceso denegado. (0x5)
[0609/220659.666:ERROR:process_reader_win.cc(151)] SuspendThread: Acceso denegado. (0x5)
[0609/220701.221:ERROR:process_reader_win.cc(123)] NtOpenThread: Se ha especificado un identificador de cliente no válido. (0xc000000b)
[0609/220701.221:ERROR:process_reader_win.cc(123)] NtOpenThread: Se ha especificado un identificador de cliente no válido. (0xc000000b)
[0609/220701.221:ERROR:process_reader_win.cc(151)] SuspendThread: Acceso denegado. (0x5)
[0609/220701.221:ERROR:process_reader_win.cc(123)] NtOpenThread: Se ha especificado un identificador de cliente no válido. (0xc000000b)
[0609/220701.221:ERROR:process_reader_win.cc(123)] NtOpenThread: Se ha especificado un identificador de cliente no válido. (0xc000000b)
[0609/220701.221:ERROR:process_reader_win.cc(151)] SuspendThread: Acceso denegado. (0x5)
[0609/220701.221:ERROR:process_reader_win.cc(123)] NtOpenThread: Se ha especificado un identificador de cliente no válido. (0xc000000b)
[0609/220701.221:ERROR:process_reader_win.cc(123)] NtOpenThread: Se ha especificado un identificador de cliente no válido. (0xc000000b)
[0609/220701.221:ERROR:process_reader_win.cc(151)] SuspendThread: Acceso denegado. (0x5)
[0609/220701.221:ERROR:process_reader_win.cc(123)] NtOpenThread: Se ha especificado un identificador de cliente no válido. (0xc000000b)
[0609/220701.221:ERROR:process_reader_win.cc(123)] NtOpenThread: Se ha especificado un identificador de cliente no válido. (0xc000000b)
[0609/220701.221:ERROR:process_reader_win.cc(151)] SuspendThread: Acceso denegado. (0x5)
[0609/220701.221:ERROR:process_reader_win.cc(123)] NtOpenThread: Se ha especificado un identificador de cliente no válido. (0xc000000b)
[0609/220701.221:ERROR:process_reader_win.cc(123)] NtOpenThread: Se ha especificado un identificador de cliente no válido. (0xc000000b)
[0609/220701.221:ERROR:process_reader_win.cc(151)] SuspendThread: Acceso denegado. (0x5)
[0609/220701.222:ERROR:process_reader_win.cc(123)] NtOpenThread: Se ha especificado un identificador de cliente no válido. (0xc000000b)
[0609/220701.222:ERROR:process_reader_win.cc(151)] SuspendThread: Acceso denegado. (0x5)
[0609/220701.222:ERROR:process_reader_win.cc(123)] NtOpenThread: Se ha especificado un identificador de cliente no válido. (0xc000000b)
[0609/220701.222:ERROR:process_reader_win.cc(123)] NtOpenThread: Se ha especificado un identificador de cliente no válido. (0xc000000b)
[0609/220701.222:ERROR:process_reader_win.cc(151)] SuspendThread: Acceso denegado. (0x5)
[0609/220701.222:ERROR:process_reader_win.cc(123)] NtOpenThread: Se ha especificado un identificador de cliente no válido. (0xc000000b)
[0609/220701.222:ERROR:process_reader_win.cc(123)] NtOpenThread: Se ha especificado un identificador de cliente no válido. (0xc000000b)
[0609/220701.222:ERROR:process_reader_win.cc(151)] SuspendThread: Acceso denegado. (0x5)
[0609/220701.222:ERROR:process_reader_win.cc(151)] SuspendThread: Acceso denegado. (0x5)
[0609/220701.222:ERROR:process_reader_win.cc(123)] NtOpenThread: Se ha especificado un identificador de cliente no válido. (0xc000000b)
[0609/220701.222:ERROR:process_reader_win.cc(151)] SuspendThread: Acceso denegado. (0x5)
[0609/220701.222:ERROR:process_reader_win.cc(123)] NtOpenThread: Se ha especificado un identificador de cliente no válido. (0xc000000b)
[0609/220701.221:ERROR:process_reader_win.cc(151)] SuspendThread: Acceso denegado. (0x5)
[0609/220701.222:ERROR:process_reader_win.cc(123)] NtOpenThread: Se ha especificado un identificador de cliente no válido. (0xc000000b)
[0609/220701.222:ERROR:process_reader_win.cc(123)] NtOpenThread: Se ha especificado un identificador de cliente no válido. (0xc000000b)
[0609/220701.222:ERROR:process_reader_win.cc(151)] SuspendThread: Acceso denegado. (0x5)
[0609/220701.222:ERROR:process_reader_win.cc(151)] SuspendThread: Acceso denegado. (0x5)
[0609/220659.666:ERROR:process_reader_win.cc(151)] SuspendThread: Acceso denegado. (0x5)
[0609/220701.222:ERROR:process_reader_win.cc(151)] SuspendThread: Acceso denegado. (0x5)
[0609/220701.222:ERROR:exception_snapshot_win.cc(98)] thread ID 7340 not found in process
[0609/220701.222:ERROR:process_reader_win.cc(151)] SuspendThread: Acceso denegado. (0x5)
[0609/220701.222:ERROR:process_reader_win.cc(151)] SuspendThread: Acceso denegado. (0x5)
[0609/220701.222:ERROR:process_reader_win.cc(151)] SuspendThread: Acceso denegado. (0x5)
[0609/220701.222:ERROR:exception_snapshot_win.cc(98)] thread ID 8892 not found in process
[0609/220701.222:ERROR:process_reader_win.cc(123)] NtOpenThread: {Acceso denegado} Un proceso ha solicitado acceso a un objeto, pero no se le han concedido esos derechos de acceso. (0xc0000022)
[0609/220701.222:ERROR:exception_snapshot_win.cc(98)] thread ID 1784 not found in process
[0609/220700.446:ERROR:process_reader_win.cc(151)] SuspendThread: Acceso denegado. (0x5)
[0609/220701.222:ERROR:process_reader_win.cc(151)] SuspendThread: Acceso denegado. (0x5)
[0609/220701.222:ERROR:process_reader_win.cc(151)] SuspendThread: Acceso denegado. (0x5)
[0609/220701.222:ERROR:process_reader_win.cc(151)] SuspendThread: Acceso denegado. (0x5)
[0609/220701.222:ERROR:process_reader_win.cc(151)] SuspendThread: Acceso denegado. (0x5)
[0609/220701.222:ERROR:process_reader_win.cc(151)] SuspendThread: Acceso denegado. (0x5)
[0609/220659.666:ERROR:process_reader_win.cc(123)] NtOpenThread: {Acceso denegado} Un proceso ha solicitado acceso a un objeto, pero no se le han concedido esos derechos de acceso. (0xc0000022)
[0609/220701.222:ERROR:process_reader_win.cc(151)] SuspendThread: Acceso denegado. (0x5)
[0609/220701.222:ERROR:process_reader_win.cc(151)] SuspendThread: Acceso denegado. (0x5)
[0609/220701.222:ERROR:exception_snapshot_win.cc(98)] thread ID 10156 not found in process
[0609/220701.222:ERROR:exception_snapshot_win.cc(98)] thread ID 9128 not found in process
[0609/220701.221:ERROR:process_reader_win.cc(151)] SuspendThread: Acceso denegado. (0x5)
[0609/220701.223:ERROR:process_reader_win.cc(151)] SuspendThread: Acceso denegado. (0x5)
[0609/220701.223:ERROR:process_reader_win.cc(151)] SuspendThread: Acceso denegado. (0x5)
[0609/220701.223:ERROR:process_reader_win.cc(151)] SuspendThread: Acceso denegado. (0x5)
[0609/220701.222:ERROR:process_reader_win.cc(151)] SuspendThread: Acceso denegado. (0x5)
[0609/220701.223:ERROR:process_reader_win.cc(151)] SuspendThread: Acceso denegado. (0x5)
[0609/220659.666:ERROR:process_reader_win.cc(151)] SuspendThread: Acceso denegado. (0x5)
[0609/220701.223:ERROR:process_reader_win.cc(151)] SuspendThread: Acceso denegado. (0x5)
[0609/220701.223:ERROR:scoped_process_suspend.cc(40)] NtResumeProcess: Se intentó obtener acceso a un proceso que está cerrándose. (0xc000010a)
[0609/220701.223:ERROR:scoped_process_suspend.cc(40)] NtResumeProcess: Se intentó obtener acceso a un proceso que está cerrándose. (0xc000010a)
[0609/220701.222:ERROR:process_reader_win.cc(151)] SuspendThread: Acceso denegado. (0x5)
[0609/220701.221:ERROR:process_reader_win.cc(151)] SuspendThread: Acceso denegado. (0x5)
[0609/220701.223:ERROR:process_reader_win.cc(151)] SuspendThread: Acceso denegado. (0x5)
[0609/220701.223:ERROR:scoped_process_suspend.cc(40)] NtResumeProcess: Se intentó obtener acceso a un proceso que está cerrándose. (0xc000010a)
[0609/220701.223:ERROR:process_reader_win.cc(123)] NtOpenThread: Se ha especificado un identificador de cliente no válido. (0xc000000b)
[0609/220701.223:ERROR:process_reader_win.cc(151)] SuspendThread: Acceso denegado. (0x5)
[0609/220701.223:ERROR:process_reader_win.cc(151)] SuspendThread: Acceso denegado. (0x5)
[0609/220701.223:ERROR:process_reader_win.cc(151)] SuspendThread: Acceso denegado. (0x5)
[0609/220701.223:ERROR:process_reader_win.cc(151)] SuspendThread: Acceso denegado. (0x5)
[0609/220701.223:ERROR:process_reader_win.cc(151)] SuspendThread: Acceso denegado. (0x5)
[0609/220701.223:ERROR:process_reader_win.cc(151)] SuspendThread: Acceso denegado. (0x5)
[0609/220701.223:ERROR:process_reader_win.cc(151)] SuspendThread: Acceso denegado. (0x5)
[0609/220701.223:ERROR:process_reader_win.cc(151)] SuspendThread: Acceso denegado. (0x5)
[0609/220701.223:ERROR:process_reader_win.cc(123)] NtOpenThread: Se ha especificado un identificador de cliente no válido. (0xc000000b)
[0609/220701.223:ERROR:exception_snapshot_win.cc(98)] thread ID 4900 not found in process
[0609/220701.223:ERROR:process_reader_win.cc(151)] SuspendThread: Acceso denegado. (0x5)
[0609/220701.223:ERROR:process_reader_win.cc(151)] SuspendThread: Acceso denegado. (0x5)
[0609/220701.223:ERROR:process_reader_win.cc(151)] SuspendThread: Acceso denegado. (0x5)
[0609/220701.223:ERROR:process_reader_win.cc(151)] SuspendThread: Acceso denegado. (0x5)
[0609/220701.223:ERROR:process_reader_win.cc(123)] NtOpenThread: Se ha especificado un identificador de cliente no válido. (0xc000000b)
[0609/220701.223:ERROR:process_reader_win.cc(123)] NtOpenThread: Se ha especificado un identificador de cliente no válido. (0xc000000b)
[0609/220701.223:ERROR:exception_snapshot_win.cc(98)] thread ID 8764 not found in process
[0609/220701.224:ERROR:exception_snapshot_win.cc(98)] thread ID 3860 not found in process
[0609/220701.223:ERROR:process_reader_win.cc(151)] SuspendThread: Acceso denegado. (0x5)
[0609/220701.224:ERROR:exception_snapshot_win.cc(98)] thread ID 3744 not found in process
[0609/220701.224:ERROR:process_reader_win.cc(151)] SuspendThread: Acceso denegado. (0x5)
[0609/220701.224:ERROR:process_reader_win.cc(151)] SuspendThread: Acceso denegado. (0x5)
[0609/220701.224:ERROR:process_reader_win.cc(151)] SuspendThread: Acceso denegado. (0x5)
[0609/220701.224:ERROR:process_reader_win.cc(151)] SuspendThread: Acceso denegado. (0x5)
[0609/220701.224:ERROR:process_reader_win.cc(123)] NtOpenThread: Se ha especificado un identificador de cliente no válido. (0xc000000b)
[0609/220701.224:ERROR:exception_snapshot_win.cc(98)] thread ID 9064 not found in process
